Build started 12/5/2016 12:48:43 AM.
     1>Project "C:\Users\barba\Desktop\Walmart work\steps\two dimensional array\two dimensional array\two dimensional array.vcxproj" on node 2 (build target(s)).
     1>InitializeBuildStatus:
         Creating "Debug\two dimensional array.unsuccessfulbuild" because "AlwaysCreate" was specified.
       ClCompile:
         C:\Program Files (x86)\Microsoft Visual Studio 10.0\VC\bin\CL.exe /c /ZI /nologo /W3 /WX- /Od /Oy- /D WIN32 /D _DEBUG /D _CONSOLE /D _UNICODE /D UNICODE /Gm /EHsc /RTC1 /MDd /GS /fp:precise /Zc:wchar_t /Zc:forScope /Fo"Debug\\" /Fd"Debug\vc100.pdb" /Gd /TP /analyze- /errorReport:prompt "two dimensional array.cpp"
         two dimensional array.cpp
       ManifestResourceCompile:
         All outputs are up-to-date.
       Link:
         C:\Program Files (x86)\Microsoft Visual Studio 10.0\VC\bin\link.exe /ERRORREPORT:PROMPT /OUT:"C:\Users\barba\Desktop\Walmart work\steps\two dimensional array\Debug\two dimensional array.exe" /INCREMENTAL /NOLOGO kernel32.lib user32.lib gdi32.lib winspool.lib comdlg32.lib advapi32.lib shell32.lib ole32.lib oleaut32.lib uuid.lib odbc32.lib odbccp32.lib /MANIFEST /ManifestFile:"Debug\two dimensional array.exe.intermediate.manifest" /MANIFESTUAC:"level='asInvoker' uiAccess='false'" /DEBUG /PDB:"C:\Users\barba\Desktop\Walmart work\steps\two dimensional array\Debug\two dimensional array.pdb" /SUBSYSTEM:CONSOLE /TLBID:1 /DYNAMICBASE /NXCOMPAT /IMPLIB:"C:\Users\barba\Desktop\Walmart work\steps\two dimensional array\Debug\two dimensional array.lib" /MACHINE:X86 "Debug\two dimensional array.exe.embed.manifest.res"
         "Debug\two dimensional array.obj"
       Manifest:
         C:\Program Files (x86)\Microsoft SDKs\Windows\v7.0A\bin\mt.exe /nologo /verbose /out:"Debug\two dimensional array.exe.embed.manifest" /manifest "Debug\two dimensional array.exe.intermediate.manifest"
         All outputs are up-to-date.
       LinkEmbedManifest:
         All outputs are up-to-date.
         two dimensional array.vcxproj -> C:\Users\barba\Desktop\Walmart work\steps\two dimensional array\Debug\two dimensional array.exe
       FinalizeBuildStatus:
         Deleting file "Debug\two dimensional array.unsuccessfulbuild".
         Touching "Debug\two dimensional array.lastbuildstate".
     1>Done Building Project "C:\Users\barba\Desktop\Walmart work\steps\two dimensional array\two dimensional array\two dimensional array.vcxproj" (build target(s)).

Build succeeded.

Time Elapsed 00:00:01.97
